2024-09-28 17:09:20.593 [info] Added views:workbench.panel.markers.view in workbench.panel.markers
2024-09-28 17:09:20.594 [info] Added views:workbench.panel.output in workbench.panel.output
2024-09-28 17:09:20.594 [info] Added views:terminal in terminal
2024-09-28 17:09:20.594 [info] Added views:outline in workbench.view.explorer
2024-09-28 17:09:20.594 [info] Added views:workbench.scm in workbench.view.scm
2024-09-28 17:09:20.594 [info] Added views:workbench.view.search in workbench.view.search
2024-09-28 17:09:20.594 [info] Added views:timeline in workbench.view.explorer
2024-09-28 17:09:20.594 [info] Added views:workbench.explorer.emptyView in workbench.view.explorer
2024-09-28 17:09:21.151 [info] Added views:workbench.debug.variablesView,workbench.debug.watchExpressionsView,workbench.debug.callStackView,workbench.debug.breakPointsView in workbench.view.debug
2024-09-28 17:09:21.172 [info] Added views:workbench.panel.repl.view in workbench.panel.repl
2024-09-28 17:09:21.172 [info] Removed views:workbench.debug.breakPointsView,workbench.debug.callStackView,workbench.debug.watchExpressionsView,workbench.debug.variablesView from workbench.view.debug
2024-09-28 17:09:21.173 [info] Added views:workbench.debug.welcome in workbench.view.debug
2024-09-28 17:09:21.421 [info] Added views:~remote.forwardedPorts in ~remote.forwardedPortsContainer
2024-09-28 17:09:33.870 [info] Added views:workbench.views.extensions.installed,workbench.views.extensions.popular,extensions.recommendedList in workbench.view.extensions
2024-09-28 17:09:33.886 [info] Removed views:workbench.views.extensions.popular from workbench.view.extensions
2024-09-28 17:09:34.146 [info] Added views:workbench.views.extensions.popular in workbench.view.extensions
2024-09-28 17:09:36.863 [info] Removed views:extensions.recommendedList,workbench.views.extensions.popular,workbench.views.extensions.installed from workbench.view.extensions
2024-09-28 17:09:36.901 [info] Added views:workbench.views.extensions.marketplace in workbench.view.extensions
2024-09-28 17:09:49.652 [info] Removed views:workbench.views.extensions.marketplace from workbench.view.extensions
2024-09-28 17:09:49.690 [info] Added views:workbench.views.extensions.installed,workbench.views.extensions.popular,extensions.recommendedList in workbench.view.extensions
2024-09-28 17:14:42.587 [info] Added views:workbench.panel.markers.view in workbench.panel.markers
2024-09-28 17:14:42.587 [info] Added views:workbench.panel.output in workbench.panel.output
2024-09-28 17:14:42.587 [info] Added views:terminal in terminal
2024-09-28 17:14:42.587 [info] Added views:outline in workbench.view.explorer
2024-09-28 17:14:42.587 [info] Added views:workbench.scm in workbench.view.scm
2024-09-28 17:14:42.587 [info] Added views:workbench.view.search in workbench.view.search
2024-09-28 17:14:42.587 [info] Added views:timeline in workbench.view.explorer
2024-09-28 17:14:42.587 [info] Added views:workbench.explorer.fileView in workbench.view.explorer
2024-09-28 17:14:43.095 [info] Added views:workbench.debug.variablesView,workbench.debug.watchExpressionsView,workbench.debug.callStackView,workbench.debug.breakPointsView in workbench.view.debug
2024-09-28 17:14:43.120 [info] Added views:workbench.panel.repl.view in workbench.panel.repl
2024-09-28 17:14:43.122 [info] Removed views:workbench.debug.breakPointsView,workbench.debug.callStackView,workbench.debug.watchExpressionsView,workbench.debug.variablesView from workbench.view.debug
2024-09-28 17:14:43.123 [info] Added views:workbench.debug.welcome in workbench.view.debug
2024-09-28 17:14:43.344 [info] Added views:~remote.forwardedPorts in ~remote.forwardedPortsContainer
