2024-09-28 17:09:21.127 [info] Extension host with pid 170117 started
2024-09-28 17:09:21.174 [info] ExtensionService#_doActivateExtension vscode.git-base, startup: true, activationEvent: '*', root cause: vscode.git
2024-09-28 17:09:21.227 [info] ExtensionService#_doActivateExtension vscode.git, startup: true, activationEvent: '*'
2024-09-28 17:09:21.260 [info] ExtensionService#_doActivateExtension vscode.github, startup: true, activationEvent: '*'
2024-09-28 17:09:21.325 [info] Eager extensions activated
2024-09-28 17:09:21.390 [info] ExtensionService#_doActivateExtension vscode.debug-auto-launch, startup: false, activationEvent: 'onStartupFinished'
2024-09-28 17:09:21.393 [info] ExtensionService#_doActivateExtension vscode.merge-conflict, startup: false, activationEvent: 'onStartupFinished'
2024-09-28 17:09:34.063 [info] ExtensionService#_doActivateExtension vscode.emmet, startup: false, activationEvent: 'onLanguage'
2024-09-28 17:14:41.450 [info] Extension host terminating: renderer closed the MessagePort
2024-09-28 17:14:41.456 [info] Extension host with pid 170117 exiting with code 0
2024-09-28 17:14:43.072 [info] Extension host with pid 172453 started
2024-09-28 17:14:43.072 [info] Skipping acquiring lock for /home/xddinsd/.config/Code - OSS/User/workspaceStorage/8101a2f8477e3c4f1801104941c9ebd4.
2024-09-28 17:14:43.124 [info] ExtensionService#_doActivateExtension vscode.git-base, startup: true, activationEvent: '*'
2024-09-28 17:14:43.176 [info] ExtensionService#_doActivateExtension vscode.github, startup: true, activationEvent: '*'
2024-09-28 17:14:43.190 [info] Eager extensions activated
2024-09-28 17:14:43.201 [info] ExtensionService#_doActivateExtension vscode.debug-auto-launch, startup: false, activationEvent: 'onStartupFinished'
2024-09-28 17:14:43.203 [info] ExtensionService#_doActivateExtension vscode.merge-conflict, startup: false, activationEvent: 'onStartupFinished'
2024-09-28 17:14:46.280 [info] ExtensionService#_doActivateExtension vscode.git, startup: false, activationEvent: 'api', root cause: vscode.github
2024-09-28 17:15:20.877 [info] ExtensionService#_doActivateExtension vscode.configuration-editing, startup: false, activationEvent: 'onLanguage:jsonc'
2024-09-28 17:15:20.889 [info] ExtensionService#_doActivateExtension vscode.json-language-features, startup: false, activationEvent: 'onLanguage:jsonc'
2024-09-28 17:15:20.987 [info] ExtensionService#_doActivateExtension vscode.typescript-language-features, startup: false, activationEvent: 'onLanguage:jsonc'
2024-09-28 17:15:21.062 [info] ExtensionService#_doActivateExtension vscode.emmet, startup: false, activationEvent: 'onLanguage'
